0 info it worked if it ends with ok
1 verbose cli [ '/Users/nur/.nvm/versions/node/v0.12.7/bin/node',
1 verbose cli   '/Users/nur/.nvm/versions/node/v0.12.7/bin/npm',
1 verbose cli   'publish',
1 verbose cli   './' ]
2 info using npm@2.11.3
3 info using node@v0.12.7
4 verbose publish [ './' ]
5 silly cache add args [ './', null ]
6 verbose cache add spec ./
7 silly cache add parsed spec { raw: './',
7 silly cache add   scope: null,
7 silly cache add   name: null,
7 silly cache add   rawSpec: './',
7 silly cache add   spec: '/Users/nur/Documents/avia/temple-loader',
7 silly cache add   type: 'directory' }
8 verbose addLocalDirectory /Users/nur/.npm/temple-loader/1.0.0/package.tgz not in flight; packing
9 verbose tar pack [ '/Users/nur/.npm/temple-loader/1.0.0/package.tgz',
9 verbose tar pack   '/Users/nur/Documents/avia/temple-loader' ]
10 verbose tarball /Users/nur/.npm/temple-loader/1.0.0/package.tgz
11 verbose folder /Users/nur/Documents/avia/temple-loader
12 info prepublish temple-loader@1.0.0
13 verbose addLocalTarball adding from inside cache /Users/nur/.npm/temple-loader/1.0.0/package.tgz
14 silly cache afterAdd temple-loader@1.0.0
15 verbose afterAdd /Users/nur/.npm/temple-loader/1.0.0/package/package.json not in flight; writing
16 verbose afterAdd /Users/nur/.npm/temple-loader/1.0.0/package/package.json written
17 silly publish { name: 'temple-loader',
17 silly publish   version: '1.0.0',
17 silly publish   description: 'Temple loader for webpack',
17 silly publish   main: 'index.js',
17 silly publish   scripts: { test: 'echo "Error: no test specified" && exit 1' },
17 silly publish   author: '',
17 silly publish   license: 'ISC',
17 silly publish   dependencies:
17 silly publish    { 'loader-utils': '^0.2.11',
17 silly publish      'temple-wat': '^0.2.1',
17 silly publish      xmldom: '^0.1.19' },
17 silly publish   repository:
17 silly publish    { type: 'git',
17 silly publish      url: 'git+https://github.com/nurikk/temple-loader.git' },
17 silly publish   bugs: { url: 'https://github.com/nurikk/temple-loader/issues' },
17 silly publish   homepage: 'https://github.com/nurikk/temple-loader#readme',
17 silly publish   readme: '# temple-loader\n\nA [`temple`](https://github.com/KosyanMedia/temple) template loader for [`webpack`](https://github.com/webpack/webpack).\n\n## General Usage\n\n### webpack configuration\n\n```javascript\n{\n  ...\n  module: {\n    loaders: [\n      ...\n      { test: /\\.temple/, loader: "temple-loader" }\n    ]\n  }\n}\n```\n\n### Your JS making use of the templates\n\n```javascript\nvar template = require("./file.temple");\n// => returns file.temple content as a template function\n```\n\nSee [`webpack`](https://github.com/webpack/webpack) documentation for more information regarding loaders.\n\n',
17 silly publish   readmeFilename: 'README.md',
17 silly publish   gitHead: '165c3a0331005f83458db5cf128213051dded13b',
17 silly publish   _id: 'temple-loader@1.0.0',
17 silly publish   _shasum: '81817ea376026f9fa124a5a6dff85fc6898a889f',
17 silly publish   _from: '.' }
18 verbose getPublishConfig undefined
19 silly mapToRegistry name temple-loader
20 silly mapToRegistry using default registry
21 silly mapToRegistry registry https://registry.npmjs.org/
22 silly mapToRegistry uri https://registry.npmjs.org/temple-loader
23 verbose publish registryBase https://registry.npmjs.org/
24 silly publish uploading /Users/nur/.npm/temple-loader/1.0.0/package.tgz
25 verbose request uri https://registry.npmjs.org/temple-loader
26 verbose request sending authorization for write operation
27 info attempt registry request try #1 at 8:50:23 PM
28 verbose request using bearer token for auth
29 verbose request id 9ad50c5f1bdfed46
30 http request PUT https://registry.npmjs.org/temple-loader
31 http 403 https://registry.npmjs.org/temple-loader
32 verbose headers { 'content-type': 'application/json',
32 verbose headers   'cache-control': 'max-age=60',
32 verbose headers   'content-length': '95',
32 verbose headers   'accept-ranges': 'bytes',
32 verbose headers   date: 'Sun, 01 Nov 2015 13:50:27 GMT',
32 verbose headers   via: '1.1 varnish',
32 verbose headers   connection: 'keep-alive',
32 verbose headers   'x-served-by': 'cache-fra1247-FRA',
32 verbose headers   'x-cache': 'MISS',
32 verbose headers   'x-cache-hits': '0',
32 verbose headers   'x-timer': 'S1446385825.078305,VS0,VE2733' }
33 verbose request invalidating /Users/nur/.npm/registry.npmjs.org/temple-loader on PUT
34 error publish Failed PUT 403
35 verbose stack Error: "You cannot publish over the previously published version 1.0.0." : temple-loader
35 verbose stack     at CachingRegistryClient.<anonymous> (/Users/nur/.nvm/versions/node/v0.12.7/lib/node_modules/npm/node_modules/npm-registry-client/lib/request.js:247:14)
35 verbose stack     at Request._callback (/Users/nur/.nvm/versions/node/v0.12.7/lib/node_modules/npm/node_modules/npm-registry-client/lib/request.js:170:14)
35 verbose stack     at Request.self.callback (/Users/nur/.nvm/versions/node/v0.12.7/lib/node_modules/npm/node_modules/request/request.js:354:22)
35 verbose stack     at Request.emit (events.js:110:17)
35 verbose stack     at Request.<anonymous> (/Users/nur/.nvm/versions/node/v0.12.7/lib/node_modules/npm/node_modules/request/request.js:1207:14)
35 verbose stack     at Request.emit (events.js:129:20)
35 verbose stack     at IncomingMessage.<anonymous> (/Users/nur/.nvm/versions/node/v0.12.7/lib/node_modules/npm/node_modules/request/request.js:1153:12)
35 verbose stack     at IncomingMessage.emit (events.js:129:20)
35 verbose stack     at _stream_readable.js:908:16
35 verbose stack     at process._tickCallback (node.js:355:11)
36 verbose statusCode 403
37 verbose pkgid temple-loader
38 verbose cwd /Users/nur/Documents/avia/temple-loader
39 error Darwin 15.0.0
40 error argv "/Users/nur/.nvm/versions/node/v0.12.7/bin/node" "/Users/nur/.nvm/versions/node/v0.12.7/bin/npm" "publish" "./"
41 error node v0.12.7
42 error npm  v2.11.3
43 error code E403
44 error "You cannot publish over the previously published version 1.0.0." : temple-loader
45 error If you need help, you may report this error at:
45 error     <https://github.com/npm/npm/issues>
46 verbose exit [ 1, true ]
